<?xml version="1.0" encoding="UTF-8"?>
<testng-results ignored="0" total="1" passed="1" failed="0" skipped="0">
  <reporter-output>
  </reporter-output>
  <suite started-at="2023-09-17T23:48:15 EDT" name="Default suite" finished-at="2023-09-17T23:48:19 EDT" duration-ms="3526">
    <groups>
    </groups>
    <test started-at="2023-09-17T23:48:15 EDT" name="Default test" finished-at="2023-09-17T23:48:19 EDT" duration-ms="3526">
      <class name="loginTest.openFacebook">
        <test-method is-config="true" signature="openApplication()[pri:0, instance:loginTest.openFacebook@5fe94a96]" started-at="2023-09-17T23:48:15 EDT" name="openApplication" finished-at="2023-09-17T23:48:19 EDT" duration-ms="3192" status="PASS">
          <reporter-output>
          </reporter-output>
        </test-method> <!-- openApplication -->
        <test-method signature="logInTest1()[pri:0, instance:loginTest.openFacebook@5fe94a96]" started-at="2023-09-17T23:48:19 EDT" name="logInTest1" finished-at="2023-09-17T23:48:19 EDT" duration-ms="279" status="PASS">
          <reporter-output>
          </reporter-output>
        </test-method> <!-- logInTest1 -->
      </class> <!-- loginTest.openFacebook -->
    </test> <!-- Default test -->
  </suite> <!-- Default suite -->
</testng-results>
