<?xml version="1.0" encoding="UTF-8"?>
<testng-results ignored="0" total="2" passed="2" failed="0" skipped="0">
  <reporter-output>
  </reporter-output>
  <suite started-at="2023-09-19T23:07:12 EDT" name="Default suite" finished-at="2023-09-19T23:07:17 EDT" duration-ms="4867">
    <groups>
    </groups>
    <test started-at="2023-09-19T23:07:12 EDT" name="Default test" finished-at="2023-09-19T23:07:17 EDT" duration-ms="4867">
      <class name="loginTest.openFacebook">
        <test-method is-config="true" signature="openApplication()[pri:0, instance:loginTest.openFacebook@443118b0]" started-at="2023-09-19T23:07:12 EDT" name="openApplication" finished-at="2023-09-19T23:07:17 EDT" duration-ms="4384" status="PASS">
          <reporter-output>
          </reporter-output>
        </test-method> <!-- openApplication -->
        <test-method signature="assertionTest()[pri:0, instance:loginTest.openFacebook@443118b0]" started-at="2023-09-19T23:07:17 EDT" name="assertionTest" finished-at="2023-09-19T23:07:17 EDT" duration-ms="67" status="PASS">
          <reporter-output>
          </reporter-output>
        </test-method> <!-- assertionTest -->
        <test-method signature="logInTest1()[pri:0, instance:loginTest.openFacebook@443118b0]" started-at="2023-09-19T23:07:17 EDT" name="logInTest1" finished-at="2023-09-19T23:07:17 EDT" duration-ms="338" status="PASS">
          <reporter-output>
          </reporter-output>
        </test-method> <!-- logInTest1 -->
      </class> <!-- loginTest.openFacebook -->
    </test> <!-- Default test -->
  </suite> <!-- Default suite -->
</testng-results>
